Dist_BurstDebugInformation_DoNotShip/launcher/build/intermediates/manifest_merge_blame_file/release/manifest-merger-blame-release-report.txt
1<?xml version="1.0" encoding="utf-8"?>
2<manifest xmlns:android="http://schemas.android.com/apk/res/android"
3    package="com.DefaultCompany.com.unity.template.mobile2D"
4    android:installLocation="preferExternal"
5    android:versionCode="1"
6    android:versionName="1.0.2" >
7
8    <uses-sdk
9        android:minSdkVersion="22"
9-->src\main\AndroidManifest.xml
10        android:targetSdkVersion="32" />
10-->src\main\AndroidManifest.xml
11
12    <supports-screens
12-->src\main\AndroidManifest.xml:4:3-163
13        android:anyDensity="true"
13-->src\main\AndroidManifest.xml:4:135-160
14        android:largeScreens="true"
14-->src\main\AndroidManifest.xml:4:78-105
15        android:normalScreens="true"
15-->src\main\AndroidManifest.xml:4:49-77
16        android:smallScreens="true"
16-->src\main\AndroidManifest.xml:4:21-48
17        android:xlargeScreens="true" />
17-->src\main\AndroidManifest.xml:4:106-134
18
19    <supports-gl-texture android:name="GL_KHR_texture_compression_astc_ldr" />
19-->[:unityLibrary] AndroidManifest.xml:10:5-79
19-->[:unityLibrary] AndroidManifest.xml:10:26-76
20
21    <uses-permission android:name="android.permission.VIBRATE" />
21-->[:unityLibrary] AndroidManifest.xml:12:5-66
21-->[:unityLibrary] AndroidManifest.xml:12:22-63
22
23    <uses-feature android:glEsVersion="0x00030000" />
23-->[:unityLibrary] AndroidManifest.xml:14:5-54
23-->[:unityLibrary] AndroidManifest.xml:14:19-51
24    <uses-feature
24-->[:unityLibrary] AndroidManifest.xml:15:5-17:36
25        android:name="android.hardware.vulkan.version"
25-->[:unityLibrary] AndroidManifest.xml:16:9-55
26        android:required="false" />
26-->[:unityLibrary] AndroidManifest.xml:17:9-33
27    <uses-feature
27-->[:unityLibrary] AndroidManifest.xml:18:5-20:36
28        android:name="android.hardware.touchscreen"
28-->[:unityLibrary] AndroidManifest.xml:19:9-52
29        android:required="false" />
29-->[:unityLibrary] AndroidManifest.xml:20:9-33
30    <uses-feature
30-->[:unityLibrary] AndroidManifest.xml:21:5-23:36
31        android:name="android.hardware.touchscreen.multitouch"
31-->[:unityLibrary] AndroidManifest.xml:22:9-63
32        android:required="false" />
32-->[:unityLibrary] AndroidManifest.xml:23:9-33
33    <uses-feature
33-->[:unityLibrary] AndroidManifest.xml:24:5-26:36
34        android:name="android.hardware.touchscreen.multitouch.distinct"
34-->[:unityLibrary] AndroidManifest.xml:25:9-72
35        android:required="false" />
35-->[:unityLibrary] AndroidManifest.xml:26:9-33
36
37    <uses-permission android:name="android.permission.RECEIVE_BOOT_COMPLETED" />
37-->[:unityLibrary] AndroidManifest.xml:28:5-81
37-->[:unityLibrary] AndroidManifest.xml:28:22-78
38    <uses-permission android:name="android.permission.POST_NOTIFICATIONS" />
38-->[:unityLibrary] AndroidManifest.xml:29:5-77
38-->[:unityLibrary] AndroidManifest.xml:29:22-74
39
40    <application
40-->src\main\AndroidManifest.xml:3:3-83
41        android:extractNativeLibs="true"
41-->[:unityLibrary] AndroidManifest.xml:31:18-50
42        android:icon="@mipmap/app_icon"
42-->src\main\AndroidManifest.xml:3:49-80
43        android:label="@string/app_name" >
43-->src\main\AndroidManifest.xml:3:16-48
44        <meta-data
44-->[:unityLibrary] AndroidManifest.xml:32:9-34:33
45            android:name="unity.splash-mode"
45-->[:unityLibrary] AndroidManifest.xml:33:13-45
46            android:value="0" />
46-->[:unityLibrary] AndroidManifest.xml:34:13-30
47        <meta-data
47-->[:unityLibrary] AndroidManifest.xml:35:9-37:36
48            android:name="unity.splash-enable"
48-->[:unityLibrary] AndroidManifest.xml:36:13-47
49            android:value="True" />
49-->[:unityLibrary] AndroidManifest.xml:37:13-33
50        <meta-data
50-->[:unityLibrary] AndroidManifest.xml:38:9-40:36
51            android:name="unity.launch-fullscreen"
51-->[:unityLibrary] AndroidManifest.xml:39:13-51
52            android:value="True" />
52-->[:unityLibrary] AndroidManifest.xml:40:13-33
53        <meta-data
53-->[:unityLibrary] AndroidManifest.xml:41:9-43:37
54            android:name="unity.allow-resizable-window"
54-->[:unityLibrary] AndroidManifest.xml:42:13-56
55            android:value="False" />
55-->[:unityLibrary] AndroidManifest.xml:43:13-34
56        <meta-data
56-->[:unityLibrary] AndroidManifest.xml:44:9-46:50
57            android:name="notch.config"
57-->[:unityLibrary] AndroidManifest.xml:45:13-40
58            android:value="portrait|landscape" />
58-->[:unityLibrary] AndroidManifest.xml:46:13-47
59
60        <activity
60-->[:unityLibrary] AndroidManifest.xml:48:9-69:20
61            android:name="com.unity3d.player.UnityPlayerActivity"
61-->[:unityLibrary] AndroidManifest.xml:49:13-66
62            android:configChanges="mcc|mnc|locale|touchscreen|keyboard|keyboardHidden|navigation|orientation|screenLayout|uiMode|screenSize|smallestScreenSize|fontScale|layoutDirection|density"
62-->[:unityLibrary] AndroidManifest.xml:50:13-194
63            android:exported="true"
63-->[:unityLibrary] AndroidManifest.xml:51:13-36
64            android:hardwareAccelerated="false"
64-->[:unityLibrary] AndroidManifest.xml:52:13-48
65            android:launchMode="singleTask"
65-->[:unityLibrary] AndroidManifest.xml:53:13-44
66            android:resizeableActivity="false"
66-->[:unityLibrary] AndroidManifest.xml:54:13-47
67            android:screenOrientation="landscape"
67-->[:unityLibrary] AndroidManifest.xml:55:13-50
68            android:theme="@style/UnityThemeSelector" >
68-->[:unityLibrary] AndroidManifest.xml:56:13-54
69            <intent-filter>
69-->[:unityLibrary] AndroidManifest.xml:57:13-61:29
70                <category android:name="android.intent.category.LAUNCHER" />
70-->[:unityLibrary] AndroidManifest.xml:58:17-77
70-->[:unityLibrary] AndroidManifest.xml:58:27-74
71
72                <action android:name="android.intent.action.MAIN" />
72-->[:unityLibrary] AndroidManifest.xml:60:17-69
72-->[:unityLibrary] AndroidManifest.xml:60:25-66
73            </intent-filter>
74
75            <meta-data
75-->[:unityLibrary] AndroidManifest.xml:63:13-65:40
76                android:name="unityplayer.UnityActivity"
76-->[:unityLibrary] AndroidManifest.xml:64:17-57
77                android:value="true" />
77-->[:unityLibrary] AndroidManifest.xml:65:17-37
78            <meta-data
78-->[:unityLibrary] AndroidManifest.xml:66:13-68:40
79                android:name="notch_support"
79-->[:unityLibrary] AndroidManifest.xml:67:17-45
80                android:value="true" />
80-->[:unityLibrary] AndroidManifest.xml:68:17-37
81        </activity>
82
83        <receiver
83-->[:unityLibrary] AndroidManifest.xml:71:9-73:40
84            android:name="com.unity.androidnotifications.UnityNotificationManager"
84-->[:unityLibrary] AndroidManifest.xml:72:13-83
85            android:exported="false" />
85-->[:unityLibrary] AndroidManifest.xml:73:13-37
86        <receiver
86-->[:unityLibrary] AndroidManifest.xml:74:9-81:20
87            android:name="com.unity.androidnotifications.UnityNotificationRestartOnBootReceiver"
87-->[:unityLibrary] AndroidManifest.xml:75:13-97
88            android:enabled="false"
88-->[:unityLibrary] AndroidManifest.xml:76:13-36
89            android:exported="false" >
89-->[:unityLibrary] AndroidManifest.xml:77:13-37
90            <intent-filter>
90-->[:unityLibrary] AndroidManifest.xml:78:13-80:29
91                <action android:name="android.intent.action.BOOT_COMPLETED" />
91-->[:unityLibrary] AndroidManifest.xml:79:17-79
91-->[:unityLibrary] AndroidManifest.xml:79:25-76
92            </intent-filter>
93        </receiver>
94
95        <meta-data
95-->[:unityLibrary] AndroidManifest.xml:83:9-85:36
96            android:name="reschedule_notifications_on_restart"
96-->[:unityLibrary] AndroidManifest.xml:84:13-63
97            android:value="true" />
97-->[:unityLibrary] AndroidManifest.xml:85:13-33
98        <meta-data
98-->[:unityLibrary] AndroidManifest.xml:86:9-88:33
99            android:name="com.unity.androidnotifications.exact_scheduling"
99-->[:unityLibrary] AndroidManifest.xml:87:13-75
100            android:value="0" />
100-->[:unityLibrary] AndroidManifest.xml:88:13-30
101    </application>
102
103</manifest>